<?xml version="1.0" encoding="UTF-8"?>
<testng-results skipped="0" failed="0" ignored="0" total="3" passed="3">
  <reporter-output>
  </reporter-output>
  <suite name="Suite" duration-ms="31" started-at="2022-05-17T16:41:10 IST" finished-at="2022-05-17T16:41:10 IST">
    <groups>
    </groups>
    <test name="Test" duration-ms="31" started-at="2022-05-17T16:41:10 IST" finished-at="2022-05-17T16:41:10 IST">
      <class name="calculate.CalDataTest">
        <test-method status="PASS" signature="addTest()[pri:0, instance:calculate.CalDataTest@19627bc]" name="addTest" duration-ms="13" started-at="2022-05-17T16:41:10 IST" finished-at="2022-05-17T16:41:10 IST">
          <reporter-output>
          </reporter-output>
        </test-method> <!-- addTest -->
        <test-method status="PASS" signature="divTest()[pri:0, instance:calculate.CalDataTest@19627bc]" name="divTest" duration-ms="0" started-at="2022-05-17T16:41:10 IST" finished-at="2022-05-17T16:41:10 IST">
          <reporter-output>
          </reporter-output>
        </test-method> <!-- divTest -->
        <test-method status="PASS" signature="subTest()[pri:0, instance:calculate.CalDataTest@19627bc]" name="subTest" duration-ms="0" started-at="2022-05-17T16:41:10 IST" finished-at="2022-05-17T16:41:10 IST">
          <reporter-output>
          </reporter-output>
        </test-method> <!-- subTest -->
      </class> <!-- calculate.CalDataTest -->
    </test> <!-- Test -->
  </suite> <!-- Suite -->
</testng-results>
